2018-02-07 15:54:09 - AppGrabber - Script started
2018-02-07 15:54:10 - Processing Adobe_Air
2018-02-07 15:54:38 - AppGrabber - Script started
2018-02-07 15:54:39 - Processing Adobe_Air
2018-02-07 15:54:46 - Adobe_Air 28.0.0.127 - Download complete!
2018-02-07 15:54:46 - Processing Adobe_Flash_Player
2018-02-07 15:54:56 - Adobe_Flash_Player 28.0.0.161 - Download complete!
2018-02-07 15:54:56 - Processing Adobe_Reader_DC
2018-02-07 15:55:06 - Adobe_Reader_DC 2018.009.20044 - Download complete!
2018-02-07 15:55:06 - Processing FileZilla
2018-02-07 15:55:10 - FileZilla 3.30.0 - Download complete!
2018-02-07 15:55:10 - Processing Firefox
2018-02-07 15:55:38 - Firefox 58.0 - Download complete!
2018-02-07 15:55:38 - Processing Google_Chrome
2018-02-07 15:55:46 - Google_Chrome 64.0.3282.140 - Download complete!
2018-02-07 15:55:46 - Processing iTunes
2018-02-07 15:56:12 - iTunes 12.7.3.46 - Download complete!
2018-02-07 15:56:12 - Processing Open_Office
2018-02-07 15:56:29 - Open_Office 4.1.5 Installer - Download complete!
2018-02-07 15:56:33 - Open_Office 4.1.5 Language pack - Download complete!
2018-02-07 15:56:33 - Processing Silverlight
2018-02-07 15:56:37 - Silverlight 5.1.50907.0 - Download complete!
2018-02-07 15:56:37 - Processing Skype
2018-02-07 15:56:45 - Skype 7.40.0.104 - Download complete!
2018-02-07 15:56:45 - Processing VLC
2018-02-07 15:56:51 - VLC 2.2.8 - Download complete!
2018-02-07 15:56:51 - Script has completed in 00:02:13
2018-02-07 15:56:52 - ============================================================
2018-02-12 08:55:19 - AppGrabber - Script started
2018-02-12 08:55:20 - Processing Adobe_Air
2018-02-12 08:56:46 - AppGrabber - Script started
2018-02-12 08:56:47 - Processing Adobe_Air
2018-02-12 08:57:04 - Adobe_Air - No updates found!
2018-02-12 08:57:04 - Processing Adobe_Flash_Player
2018-02-12 08:57:06 - Adobe_Flash_Player - No updates found!
2018-02-12 08:57:06 - Processing Adobe_Reader_DC
2018-02-12 08:57:09 - Adobe_Reader_DC - No updates found!
2018-02-12 08:57:09 - Processing FileZilla
2018-02-12 08:57:10 - FileZilla - No updates found!
2018-02-12 08:57:10 - Processing Firefox
2018-02-12 08:57:13 - Firefox - No updates found!
2018-02-12 08:57:13 - Processing Google_Chrome
2018-02-12 08:57:16 - Google_Chrome - No updates found!
2018-02-12 08:57:16 - Processing iTunes
2018-02-12 08:57:19 - iTunes - No updates found!
2018-02-12 08:57:19 - Processing Open_Office
2018-02-12 08:57:20 - Open_Office - No updates found!
2018-02-12 08:57:20 - Processing Silverlight
2018-02-12 08:57:22 - Silverlight - No updates found!
2018-02-12 08:57:22 - Processing Skype
2018-02-12 08:57:25 - Skype - No updates found!
2018-02-12 08:57:25 - Processing VLC
2018-02-12 08:57:34 - VLC 3.0.0 - Download complete!
2018-02-12 08:57:34 - Script has completed in 00:00:48
2018-02-12 08:57:35 - ============================================================
